app/build/intermediates/manifest_merge_blame_file/debug/processDebugMainManifest/manifest-merger-blame-debug-report.txt
1<?xml version="1.0" encoding="utf-8"?>
2<manifest xmlns:android="http://schemas.android.com/apk/res/android"
3    package="com.sr.techhelper"
4    android:versionCode="1"
5    android:versionName="1.0" >
6
7    <uses-sdk
8        android:minSdkVersion="26"
9        android:targetSdkVersion="35" />
10
11    <uses-permission android:name="android.permission.INTERNET" />
11-->src\main\AndroidManifest.xml:4:5-67
11-->src\main\AndroidManifest.xml:4:22-64
12    <uses-permission android:name="android.permission.ACCESS_NETWORK_STATE" />
12-->src\main\AndroidManifest.xml:5:5-79
12-->src\main\AndroidManifest.xml:5:22-76
13    <uses-permission android:name="android.permission.ACCESS_FINE_LOCATION" />
13-->src\main\AndroidManifest.xml:6:5-79
13-->src\main\AndroidManifest.xml:6:22-76
14    <uses-permission android:name="android.permission.ACCESS_COARSE_LOCATION" />
14-->src\main\AndroidManifest.xml:7:5-81
14-->src\main\AndroidManifest.xml:7:22-78
15
16    <uses-feature
16-->[com.google.android.gms:play-services-maps:18.2.0] AndroidManifest.xml:26:5-28:35
17        android:glEsVersion="0x00020000"
17-->[com.google.android.gms:play-services-maps:18.2.0] AndroidManifest.xml:27:9-41
18        android:required="true" />
18-->[com.google.android.gms:play-services-maps:18.2.0] AndroidManifest.xml:28:9-32
19
20    <queries>
20-->[com.google.android.gms:play-services-maps:18.2.0] AndroidManifest.xml:30:5-34:15
21
22        <!-- Needs to be explicitly declared on Android R+ -->
23        <package android:name="com.google.android.apps.maps" />
23-->[com.google.android.gms:play-services-maps:18.2.0] AndroidManifest.xml:33:9-64
23-->[com.google.android.gms:play-services-maps:18.2.0] AndroidManifest.xml:33:18-61
24    </queries>
25
26    <uses-permission android:name="android.permission.WAKE_LOCK" />
26-->[com.google.android.gms:play-services-measurement:22.3.0] AndroidManifest.xml:25:5-68
26-->[com.google.android.gms:play-services-measurement:22.3.0] AndroidManifest.xml:25:22-65
27    <uses-permission android:name="com.google.android.finsky.permission.BIND_GET_INSTALL_REFERRER_SERVICE" />
27-->[com.google.android.gms:play-services-measurement:22.3.0] AndroidManifest.xml:26:5-110
27-->[com.google.android.gms:play-services-measurement:22.3.0] AndroidManifest.xml:26:22-107
28    <uses-permission android:name="com.google.android.gms.permission.AD_ID" />
28-->[com.google.android.gms:play-services-measurement-api:22.3.0] AndroidManifest.xml:25:5-79
28-->[com.google.android.gms:play-services-measurement-api:22.3.0] AndroidManifest.xml:25:22-76
29    <uses-permission android:name="android.permission.ACCESS_ADSERVICES_ATTRIBUTION" />
29-->[com.google.android.gms:play-services-measurement-api:22.3.0] AndroidManifest.xml:26:5-88
29-->[com.google.android.gms:play-services-measurement-api:22.3.0] AndroidManifest.xml:26:22-85
30    <uses-permission android:name="android.permission.ACCESS_ADSERVICES_AD_ID" />
30-->[com.google.android.gms:play-services-measurement-api:22.3.0] AndroidManifest.xml:27:5-82
30-->[com.google.android.gms:play-services-measurement-api:22.3.0] AndroidManifest.xml:27:22-79
31    <uses-permission android:name="com.google.android.providers.gsf.permission.READ_GSERVICES" />
31-->[com.google.android.recaptcha:recaptcha:18.6.1] AndroidManifest.xml:9:5-98
31-->[com.google.android.recaptcha:recaptcha:18.6.1] AndroidManifest.xml:9:22-95
32
33    <permission
33-->[androidx.core:core:1.15.0] AndroidManifest.xml:22:5-24:47
34        android:name="com.sr.techhelper.DYNAMIC_RECEIVER_NOT_EXPORTED_PERMISSION"
34-->[androidx.core:core:1.15.0] AndroidManifest.xml:23:9-81
35        android:protectionLevel="signature" />
35-->[androidx.core:core:1.15.0] AndroidManifest.xml:24:9-44
36
37    <uses-permission android:name="com.sr.techhelper.DYNAMIC_RECEIVER_NOT_EXPORTED_PERMISSION" />
37-->[androidx.core:core:1.15.0] AndroidManifest.xml:26:5-97
37-->[androidx.core:core:1.15.0] AndroidManifest.xml:26:22-94
38
39    <application
39-->src\main\AndroidManifest.xml:8:5-44:19
40        android:name="com.sr.techhelper.ApplicationStarter"
40-->src\main\AndroidManifest.xml:10:9-43
41        android:allowBackup="true"
41-->src\main\AndroidManifest.xml:9:9-35
42        android:appComponentFactory="androidx.core.app.CoreComponentFactory"
42-->[androidx.core:core:1.15.0] AndroidManifest.xml:28:18-86
43        android:dataExtractionRules="@xml/data_extraction_rules"
43-->src\main\AndroidManifest.xml:11:9-65
44        android:debuggable="true"
45        android:extractNativeLibs="false"
46        android:fullBackupContent="@xml/backup_rules"
46-->src\main\AndroidManifest.xml:12:9-54
47        android:icon="@mipmap/ic_launcher"
47-->src\main\AndroidManifest.xml:13:9-43
48        android:label="@string/app_name"
48-->src\main\AndroidManifest.xml:14:9-41
49        android:roundIcon="@mipmap/ic_launcher_round"
49-->src\main\AndroidManifest.xml:15:9-54
50        android:supportsRtl="true"
50-->src\main\AndroidManifest.xml:16:9-35
51        android:theme="@style/Theme.techhelper" >
51-->src\main\AndroidManifest.xml:17:9-48
52        <activity
52-->src\main\AndroidManifest.xml:19:9-28:20
53            android:name="com.sr.techhelper.ui.auth.AuthActivity"
53-->src\main\AndroidManifest.xml:20:13-49
54            android:exported="true"
54-->src\main\AndroidManifest.xml:21:13-36
55            android:launchMode="singleTop" >
55-->src\main\AndroidManifest.xml:22:13-43
56            <intent-filter>
56-->src\main\AndroidManifest.xml:23:13-27:29
57                <action android:name="android.intent.action.MAIN" />
57-->src\main\AndroidManifest.xml:24:17-69
57-->src\main\AndroidManifest.xml:24:25-66
58
59                <category android:name="android.intent.category.LAUNCHER" />
59-->src\main\AndroidManifest.xml:26:17-77
59-->src\main\AndroidManifest.xml:26:27-74
60            </intent-filter>
61        </activity>
62
63        <meta-data
63-->src\main\AndroidManifest.xml:29:9-31:69
64            android:name="com.google.android.gms.version"
64-->src\main\AndroidManifest.xml:30:13-58
65            android:value="@integer/google_play_services_version" />
65-->src\main\AndroidManifest.xml:31:13-66
66        <meta-data
67            android:name="com.google.android.geo.API_KEY"
67-->src\main\AndroidManifest.xml:33:13-58
68            android:value="" />
68-->src\main\AndroidManifest.xml:34:13-44
69
70        <activity
70-->src\main\AndroidManifest.xml:35:9-43:20
71            android:name="com.sr.techhelper.ui.main.MainActivity"
71-->src\main\AndroidManifest.xml:36:13-49
72            android:exported="true" >
72-->src\main\AndroidManifest.xml:37:13-36
73            <intent-filter>
73-->src\main\AndroidManifest.xml:23:13-27:29
74                <action android:name="android.intent.action.MAIN" />
74-->src\main\AndroidManifest.xml:24:17-69
74-->src\main\AndroidManifest.xml:24:25-66
75
76                <category android:name="android.intent.category.LAUNCHER" />
76-->src\main\AndroidManifest.xml:26:17-77
76-->src\main\AndroidManifest.xml:26:27-74
77            </intent-filter>
78        </activity>
79
80        <meta-data
80-->[com.firebaseui:firebase-ui-auth:7.2.0] AndroidManifest.xml:19:9-21:63
81            android:name="com.facebook.sdk.ApplicationId"
81-->[com.firebaseui:firebase-ui-auth:7.2.0] AndroidManifest.xml:20:13-58
82            android:value="@string/facebook_application_id" />
82-->[com.firebaseui:firebase-ui-auth:7.2.0] AndroidManifest.xml:21:13-60
83
84        <activity
84-->[com.firebaseui:firebase-ui-auth:7.2.0] AndroidManifest.xml:23:9-27:61
85            android:name="com.firebase.ui.auth.KickoffActivity"
85-->[com.firebaseui:firebase-ui-auth:7.2.0] AndroidManifest.xml:24:13-64
86            android:exported="false"
86-->[com.firebaseui:firebase-ui-auth:7.2.0] AndroidManifest.xml:25:13-37
87            android:label=""
87-->[com.firebaseui:firebase-ui-auth:7.2.0] AndroidManifest.xml:26:13-29
88            android:theme="@style/FirebaseUI.Transparent" />
88-->[com.firebaseui:firebase-ui-auth:7.2.0] AndroidManifest.xml:27:13-58
89        <activity
89-->[com.firebaseui:firebase-ui-auth:7.2.0] AndroidManifest.xml:28:9-32:61
90            android:name="com.firebase.ui.auth.ui.idp.SingleSignInActivity"
90-->[com.firebaseui:firebase-ui-auth:7.2.0] AndroidManifest.xml:29:13-76
91            android:exported="false"
91-->[com.firebaseui:firebase-ui-auth:7.2.0] AndroidManifest.xml:30:13-37
92            android:label=""
92-->[com.firebaseui:firebase-ui-auth:7.2.0] AndroidManifest.xml:31:13-29
93            android:theme="@style/FirebaseUI.Transparent" />
93-->[com.firebaseui:firebase-ui-auth:7.2.0] AndroidManifest.xml:32:13-58
94        <activity
94-->[com.firebaseui:firebase-ui-auth:7.2.0] AndroidManifest.xml:33:9-37:61
95            android:name="com.firebase.ui.auth.ui.credentials.CredentialSaveActivity"
95-->[com.firebaseui:firebase-ui-auth:7.2.0] AndroidManifest.xml:34:13-86
96            android:exported="false"
96-->[com.firebaseui:firebase-ui-auth:7.2.0] AndroidManifest.xml:35:13-37
97            android:label=""
97-->[com.firebaseui:firebase-ui-auth:7.2.0] AndroidManifest.xml:36:13-29
98            android:theme="@style/FirebaseUI.Transparent" />
98-->[com.firebaseui:firebase-ui-auth:7.2.0] AndroidManifest.xml:37:13-58
99        <activity
99-->[com.firebaseui:firebase-ui-auth:7.2.0] AndroidManifest.xml:38:9-42:58
100            android:name="com.firebase.ui.auth.ui.email.RecoverPasswordActivity"
100-->[com.firebaseui:firebase-ui-auth:7.2.0] AndroidManifest.xml:39:13-81
101            android:exported="false"
101-->[com.firebaseui:firebase-ui-auth:7.2.0] AndroidManifest.xml:40:13-37
102            android:label="@string/fui_title_recover_password_activity"
102-->[com.firebaseui:firebase-ui-auth:7.2.0] AndroidManifest.xml:41:13-72
103            android:windowSoftInputMode="adjustResize" />
103-->[com.firebaseui:firebase-ui-auth:7.2.0] AndroidManifest.xml:42:13-55
104        <activity
104-->[com.firebaseui:firebase-ui-auth:7.2.0] AndroidManifest.xml:43:9-47:58
105            android:name="com.firebase.ui.auth.ui.email.EmailActivity"
105-->[com.firebaseui:firebase-ui-auth:7.2.0] AndroidManifest.xml:44:13-71
106            android:exported="false"
106-->[com.firebaseui:firebase-ui-auth:7.2.0] AndroidManifest.xml:45:13-37
107            android:label="@string/fui_sign_in_default"
107-->[com.firebaseui:firebase-ui-auth:7.2.0] AndroidManifest.xml:46:13-56
108            android:windowSoftInputMode="adjustResize" />
108-->[com.firebaseui:firebase-ui-auth:7.2.0] AndroidManifest.xml:47:13-55
109        <activity
109-->[com.firebaseui:firebase-ui-auth:7.2.0] AndroidManifest.xml:48:9-52:77
110            android:name="com.firebase.ui.auth.ui.phone.PhoneActivity"
110-->[com.firebaseui:firebase-ui-auth:7.2.0] AndroidManifest.xml:49:13-71
111            android:exported="false"
111-->[com.firebaseui:firebase-ui-auth:7.2.0] AndroidManifest.xml:50:13-37
112            android:label="@string/fui_sign_in_with_phone_number"
112-->[com.firebaseui:firebase-ui-auth:7.2.0] AndroidManifest.xml:51:13-66
113            android:windowSoftInputMode="adjustResize|stateAlwaysVisible" />
113-->[com.firebaseui:firebase-ui-auth:7.2.0] AndroidManifest.xml:52:13-74
114        <activity
114-->[com.firebaseui:firebase-ui-auth:7.2.0] AndroidManifest.xml:53:9-57:58
115            android:name="com.firebase.ui.auth.ui.idp.WelcomeBackIdpPrompt"
115-->[com.firebaseui:firebase-ui-auth:7.2.0] AndroidManifest.xml:54:13-76
116            android:exported="false"
116-->[com.firebaseui:firebase-ui-auth:7.2.0] AndroidManifest.xml:55:13-37
117            android:label="@string/fui_title_welcome_back_idp_prompt"
117-->[com.firebaseui:firebase-ui-auth:7.2.0] AndroidManifest.xml:56:13-70
118            android:windowSoftInputMode="adjustResize" />
118-->[com.firebaseui:firebase-ui-auth:7.2.0] AndroidManifest.xml:57:13-55
119        <activity
119-->[com.firebaseui:firebase-ui-auth:7.2.0] AndroidManifest.xml:58:9-62:58
120            android:name="com.firebase.ui.auth.ui.email.WelcomeBackPasswordPrompt"
120-->[com.firebaseui:firebase-ui-auth:7.2.0] AndroidManifest.xml:59:13-83
121            android:exported="false"
121-->[com.firebaseui:firebase-ui-auth:7.2.0] AndroidManifest.xml:60:13-37
122            android:label="@string/fui_title_welcome_back_password_prompt"
122-->[com.firebaseui:firebase-ui-auth:7.2.0] AndroidManifest.xml:61:13-75
123            android:windowSoftInputMode="adjustResize" />
123-->[com.firebaseui:firebase-ui-auth:7.2.0] AndroidManifest.xml:62:13-55
124        <activity
124-->[com.firebaseui:firebase-ui-auth:7.2.0] AndroidManifest.xml:63:9-67:58
125            android:name="com.firebase.ui.auth.ui.email.WelcomeBackEmailLinkPrompt"
125-->[com.firebaseui:firebase-ui-auth:7.2.0] AndroidManifest.xml:64:13-84
126            android:exported="false"
126-->[com.firebaseui:firebase-ui-auth:7.2.0] AndroidManifest.xml:65:13-37
127            android:label="@string/fui_title_welcome_back_password_prompt"
127-->[com.firebaseui:firebase-ui-auth:7.2.0] AndroidManifest.xml:66:13-75
128            android:windowSoftInputMode="adjustResize" />
128-->[com.firebaseui:firebase-ui-auth:7.2.0] AndroidManifest.xml:67:13-55
129        <activity
129-->[com.firebaseui:firebase-ui-auth:7.2.0] AndroidManifest.xml:68:9-73:58
130            android:name="com.firebase.ui.auth.ui.email.EmailLinkCatcherActivity"
130-->[com.firebaseui:firebase-ui-auth:7.2.0] AndroidManifest.xml:69:13-82
131            android:exported="false"
131-->[com.firebaseui:firebase-ui-auth:7.2.0] AndroidManifest.xml:70:13-37
132            android:label=""
132-->[com.firebaseui:firebase-ui-auth:7.2.0] AndroidManifest.xml:71:13-29
133            android:theme="@style/FirebaseUI.Transparent"
133-->[com.firebaseui:firebase-ui-auth:7.2.0] AndroidManifest.xml:72:13-58
134            android:windowSoftInputMode="adjustResize" />
134-->[com.firebaseui:firebase-ui-auth:7.2.0] AndroidManifest.xml:73:13-55
135        <activity
135-->[com.firebaseui:firebase-ui-auth:7.2.0] AndroidManifest.xml:74:9-78:58
136            android:name="com.firebase.ui.auth.ui.email.EmailLinkErrorRecoveryActivity"
136-->[com.firebaseui:firebase-ui-auth:7.2.0] AndroidManifest.xml:75:13-88
137            android:exported="false"
137-->[com.firebaseui:firebase-ui-auth:7.2.0] AndroidManifest.xml:76:13-37
138            android:label="@string/fui_sign_in_default"
138-->[com.firebaseui:firebase-ui-auth:7.2.0] AndroidManifest.xml:77:13-56
139            android:windowSoftInputMode="adjustResize" />
139-->[com.firebaseui:firebase-ui-auth:7.2.0] AndroidManifest.xml:78:13-55
140        <activity
140-->[com.firebaseui:firebase-ui-auth:7.2.0] AndroidManifest.xml:79:9-82:65
141            android:name="com.firebase.ui.auth.ui.idp.AuthMethodPickerActivity"
141-->[com.firebaseui:firebase-ui-auth:7.2.0] AndroidManifest.xml:80:13-80
142            android:exported="false"
142-->[com.firebaseui:firebase-ui-auth:7.2.0] AndroidManifest.xml:81:13-37
143            android:label="@string/fui_default_toolbar_title" />
143-->[com.firebaseui:firebase-ui-auth:7.2.0] AndroidManifest.xml:82:13-62
144        <activity
144-->[com.firebaseui:firebase-ui-auth:7.2.0] AndroidManifest.xml:83:9-87:48
145            android:name="com.facebook.FacebookActivity"
145-->[com.firebaseui:firebase-ui-auth:7.2.0] AndroidManifest.xml:84:13-57
146            android:configChanges="keyboard|keyboardHidden|screenLayout|screenSize|orientation"
146-->[com.firebaseui:firebase-ui-auth:7.2.0] AndroidManifest.xml:85:13-96
147            android:label="@string/app_name" />
147-->[com.firebaseui:firebase-ui-auth:7.2.0] AndroidManifest.xml:86:13-45
148        <activity
148-->[com.firebaseui:firebase-ui-auth:7.2.0] AndroidManifest.xml:88:9-100:20
149            android:name="com.facebook.CustomTabActivity"
149-->[com.firebaseui:firebase-ui-auth:7.2.0] AndroidManifest.xml:89:13-58
150            android:exported="true" >
150-->[com.firebaseui:firebase-ui-auth:7.2.0] AndroidManifest.xml:90:13-36
151            <intent-filter>
151-->[com.firebaseui:firebase-ui-auth:7.2.0] AndroidManifest.xml:92:13-99:29
152                <action android:name="android.intent.action.VIEW" />
152-->[com.firebaseui:firebase-ui-auth:7.2.0] AndroidManifest.xml:93:17-69
152-->[com.firebaseui:firebase-ui-auth:7.2.0] AndroidManifest.xml:93:25-66
153
154                <category android:name="android.intent.category.DEFAULT" />
154-->[com.firebaseui:firebase-ui-auth:7.2.0] AndroidManifest.xml:95:17-76
154-->[com.firebaseui:firebase-ui-auth:7.2.0] AndroidManifest.xml:95:27-73
155                <category android:name="android.intent.category.BROWSABLE" />
155-->[com.firebaseui:firebase-ui-auth:7.2.0] AndroidManifest.xml:96:17-78
155-->[com.firebaseui:firebase-ui-auth:7.2.0] AndroidManifest.xml:96:27-75
156
157                <data android:scheme="@string/facebook_login_protocol_scheme" />
157-->[com.firebaseui:firebase-ui-auth:7.2.0] AndroidManifest.xml:98:17-81
157-->[com.firebaseui:firebase-ui-auth:7.2.0] AndroidManifest.xml:98:23-78
158            </intent-filter>
159        </activity>
160
161        <provider
161-->[com.firebaseui:firebase-ui-auth:7.2.0] AndroidManifest.xml:102:9-106:38
162            android:name="com.firebase.ui.auth.data.client.AuthUiInitProvider"
162-->[com.firebaseui:firebase-ui-auth:7.2.0] AndroidManifest.xml:103:13-79
163            android:authorities="com.sr.techhelper.authuiinitprovider"
163-->[com.firebaseui:firebase-ui-auth:7.2.0] AndroidManifest.xml:104:13-70
164            android:exported="false"
164-->[com.firebaseui:firebase-ui-auth:7.2.0] AndroidManifest.xml:105:13-37
165            android:initOrder="90" /> <!-- Needs to be explicitly declared on P+ -->
165-->[com.firebaseui:firebase-ui-auth:7.2.0] AndroidManifest.xml:106:13-35
166        <uses-library
166-->[com.google.android.gms:play-services-maps:18.2.0] AndroidManifest.xml:39:9-41:40
167            android:name="org.apache.http.legacy"
167-->[com.google.android.gms:play-services-maps:18.2.0] AndroidManifest.xml:40:13-50
168            android:required="false" />
168-->[com.google.android.gms:play-services-maps:18.2.0] AndroidManifest.xml:41:13-37
169
170        <activity
170-->[com.google.firebase:firebase-auth:23.2.0] AndroidManifest.xml:29:9-46:20
171            android:name="com.google.firebase.auth.internal.GenericIdpActivity"
171-->[com.google.firebase:firebase-auth:23.2.0] AndroidManifest.xml:30:13-80
172            android:excludeFromRecents="true"
172-->[com.google.firebase:firebase-auth:23.2.0] AndroidManifest.xml:31:13-46
173            android:exported="true"
173-->[com.google.firebase:firebase-auth:23.2.0] AndroidManifest.xml:32:13-36
174            android:launchMode="singleTask"
174-->[com.google.firebase:firebase-auth:23.2.0] AndroidManifest.xml:33:13-44
175            android:theme="@android:style/Theme.Translucent.NoTitleBar" >
175-->[com.google.firebase:firebase-auth:23.2.0] AndroidManifest.xml:34:13-72
176            <intent-filter>
176-->[com.google.firebase:firebase-auth:23.2.0] AndroidManifest.xml:35:13-45:29
177                <action android:name="android.intent.action.VIEW" />
177-->[com.firebaseui:firebase-ui-auth:7.2.0] AndroidManifest.xml:93:17-69
177-->[com.firebaseui:firebase-ui-auth:7.2.0] AndroidManifest.xml:93:25-66
178
179                <category android:name="android.intent.category.DEFAULT" />
179-->[com.firebaseui:firebase-ui-auth:7.2.0] AndroidManifest.xml:95:17-76
179-->[com.firebaseui:firebase-ui-auth:7.2.0] AndroidManifest.xml:95:27-73
180                <category android:name="android.intent.category.BROWSABLE" />
180-->[com.firebaseui:firebase-ui-auth:7.2.0] AndroidManifest.xml:96:17-78
180-->[com.firebaseui:firebase-ui-auth:7.2.0] AndroidManifest.xml:96:27-75
181
182                <data
182-->[com.firebaseui:firebase-ui-auth:7.2.0] AndroidManifest.xml:98:17-81
183                    android:host="firebase.auth"
184                    android:path="/"
185                    android:scheme="genericidp" />
185-->[com.firebaseui:firebase-ui-auth:7.2.0] AndroidManifest.xml:98:23-78
186            </intent-filter>
187        </activity>
188        <activity
188-->[com.google.firebase:firebase-auth:23.2.0] AndroidManifest.xml:47:9-64:20
189            android:name="com.google.firebase.auth.internal.RecaptchaActivity"
189-->[com.google.firebase:firebase-auth:23.2.0] AndroidManifest.xml:48:13-79
190            android:excludeFromRecents="true"
190-->[com.google.firebase:firebase-auth:23.2.0] AndroidManifest.xml:49:13-46
191            android:exported="true"
191-->[com.google.firebase:firebase-auth:23.2.0] AndroidManifest.xml:50:13-36
192            android:launchMode="singleTask"
192-->[com.google.firebase:firebase-auth:23.2.0] AndroidManifest.xml:51:13-44
193            android:theme="@android:style/Theme.Translucent.NoTitleBar" >
193-->[com.google.firebase:firebase-auth:23.2.0] AndroidManifest.xml:52:13-72
194            <intent-filter>
194-->[com.google.firebase:firebase-auth:23.2.0] AndroidManifest.xml:53:13-63:29
195                <action android:name="android.intent.action.VIEW" />
195-->[com.firebaseui:firebase-ui-auth:7.2.0] AndroidManifest.xml:93:17-69
195-->[com.firebaseui:firebase-ui-auth:7.2.0] AndroidManifest.xml:93:25-66
196
197                <category android:name="android.intent.category.DEFAULT" />
197-->[com.firebaseui:firebase-ui-auth:7.2.0] AndroidManifest.xml:95:17-76
197-->[com.firebaseui:firebase-ui-auth:7.2.0] AndroidManifest.xml:95:27-73
198                <category android:name="android.intent.category.BROWSABLE" />
198-->[com.firebaseui:firebase-ui-auth:7.2.0] AndroidManifest.xml:96:17-78
198-->[com.firebaseui:firebase-ui-auth:7.2.0] AndroidManifest.xml:96:27-75
199
200                <data
200-->[com.firebaseui:firebase-ui-auth:7.2.0] AndroidManifest.xml:98:17-81
201                    android:host="firebase.auth"
202                    android:path="/"
203                    android:scheme="recaptcha" />
203-->[com.firebaseui:firebase-ui-auth:7.2.0] AndroidManifest.xml:98:23-78
204            </intent-filter>
205        </activity>
206
207        <service
207-->[com.google.firebase:firebase-auth:23.2.0] AndroidManifest.xml:66:9-72:19
208            android:name="com.google.firebase.components.ComponentDiscoveryService"
208-->[com.google.firebase:firebase-auth:23.2.0] AndroidManifest.xml:67:13-84
209            android:directBootAware="true"
209-->[com.google.firebase:firebase-common:21.0.0] AndroidManifest.xml:32:13-43
210            android:exported="false" >
210-->[com.google.firebase:firebase-auth:23.2.0] AndroidManifest.xml:68:13-37
211            <meta-data
211-->[com.google.firebase:firebase-auth:23.2.0] AndroidManifest.xml:69:13-71:85
212                android:name="com.google.firebase.components:com.google.firebase.auth.FirebaseAuthRegistrar"
212-->[com.google.firebase:firebase-auth:23.2.0] AndroidManifest.xml:70:17-109
213                android:value="com.google.firebase.components.ComponentRegistrar" />
213-->[com.google.firebase:firebase-auth:23.2.0] AndroidManifest.xml:71:17-82
214            <meta-data
214-->[com.google.firebase:firebase-firestore-ktx:25.1.2] AndroidManifest.xml:12:13-14:85
215                android:name="com.google.firebase.components:com.google.firebase.firestore.ktx.FirebaseFirestoreLegacyRegistrar"
215-->[com.google.firebase:firebase-firestore-ktx:25.1.2] AndroidManifest.xml:13:17-129
216                android:value="com.google.firebase.components.ComponentRegistrar" />
216-->[com.google.firebase:firebase-firestore-ktx:25.1.2] AndroidManifest.xml:14:17-82
217            <meta-data
217-->[com.google.firebase:firebase-firestore:25.1.2] AndroidManifest.xml:17:13-19:85
218                android:name="com.google.firebase.components:com.google.firebase.firestore.FirebaseFirestoreKtxRegistrar"
218-->[com.google.firebase:firebase-firestore:25.1.2] AndroidManifest.xml:18:17-122
219                android:value="com.google.firebase.components.ComponentRegistrar" />
219-->[com.google.firebase:firebase-firestore:25.1.2] AndroidManifest.xml:19:17-82
220            <meta-data
220-->[com.google.firebase:firebase-firestore:25.1.2] AndroidManifest.xml:20:13-22:85
221                android:name="com.google.firebase.components:com.google.firebase.firestore.FirestoreRegistrar"
221-->[com.google.firebase:firebase-firestore:25.1.2] AndroidManifest.xml:21:17-111
222                android:value="com.google.firebase.components.ComponentRegistrar" />
222-->[com.google.firebase:firebase-firestore:25.1.2] AndroidManifest.xml:22:17-82
223            <meta-data
223-->[com.google.android.gms:play-services-measurement-api:22.3.0] AndroidManifest.xml:33:13-35:85
224                android:name="com.google.firebase.components:com.google.firebase.analytics.connector.internal.AnalyticsConnectorRegistrar"
224-->[com.google.android.gms:play-services-measurement-api:22.3.0] AndroidManifest.xml:34:17-139
225                android:value="com.google.firebase.components.ComponentRegistrar" />
225-->[com.google.android.gms:play-services-measurement-api:22.3.0] AndroidManifest.xml:35:17-82
226            <meta-data
226-->[com.google.firebase:firebase-installations:18.0.0] AndroidManifest.xml:15:13-17:85
227                android:name="com.google.firebase.components:com.google.firebase.installations.FirebaseInstallationsKtxRegistrar"
227-->[com.google.firebase:firebase-installations:18.0.0] AndroidManifest.xml:16:17-130
228                android:value="com.google.firebase.components.ComponentRegistrar" />
228-->[com.google.firebase:firebase-installations:18.0.0] AndroidManifest.xml:17:17-82
229            <meta-data
229-->[com.google.firebase:firebase-installations:18.0.0] AndroidManifest.xml:18:13-20:85
230                android:name="com.google.firebase.components:com.google.firebase.installations.FirebaseInstallationsRegistrar"
230-->[com.google.firebase:firebase-installations:18.0.0] AndroidManifest.xml:19:17-127
231                android:value="com.google.firebase.components.ComponentRegistrar" />
231-->[com.google.firebase:firebase-installations:18.0.0] AndroidManifest.xml:20:17-82
232            <meta-data
232-->[com.google.firebase:firebase-common-ktx:21.0.0] AndroidManifest.xml:12:13-14:85
233                android:name="com.google.firebase.components:com.google.firebase.ktx.FirebaseCommonLegacyRegistrar"
233-->[com.google.firebase:firebase-common-ktx:21.0.0] AndroidManifest.xml:13:17-116
234                android:value="com.google.firebase.components.ComponentRegistrar" />
234-->[com.google.firebase:firebase-common-ktx:21.0.0] AndroidManifest.xml:14:17-82
235            <meta-data
235-->[com.google.firebase:firebase-common:21.0.0] AndroidManifest.xml:35:13-37:85
236                android:name="com.google.firebase.components:com.google.firebase.FirebaseCommonKtxRegistrar"
236-->[com.google.firebase:firebase-common:21.0.0] AndroidManifest.xml:36:17-109
237                android:value="com.google.firebase.components.ComponentRegistrar" />
237-->[com.google.firebase:firebase-common:21.0.0] AndroidManifest.xml:37:17-82
238        </service>
239
240        <receiver
240-->[com.google.android.gms:play-services-measurement:22.3.0] AndroidManifest.xml:29:9-33:20
241            android:name="com.google.android.gms.measurement.AppMeasurementReceiver"
241-->[com.google.android.gms:play-services-measurement:22.3.0] AndroidManifest.xml:30:13-85
242            android:enabled="true"
242-->[com.google.android.gms:play-services-measurement:22.3.0] AndroidManifest.xml:31:13-35
243            android:exported="false" >
243-->[com.google.android.gms:play-services-measurement:22.3.0] AndroidManifest.xml:32:13-37
244        </receiver>
245
246        <service
246-->[com.google.android.gms:play-services-measurement:22.3.0] AndroidManifest.xml:35:9-38:40
247            android:name="com.google.android.gms.measurement.AppMeasurementService"
247-->[com.google.android.gms:play-services-measurement:22.3.0] AndroidManifest.xml:36:13-84
248            android:enabled="true"
248-->[com.google.android.gms:play-services-measurement:22.3.0] AndroidManifest.xml:37:13-35
249            android:exported="false" />
249-->[com.google.android.gms:play-services-measurement:22.3.0] AndroidManifest.xml:38:13-37
250        <service
250-->[com.google.android.gms:play-services-measurement:22.3.0] AndroidManifest.xml:39:9-43:72
251            android:name="com.google.android.gms.measurement.AppMeasurementJobService"
251-->[com.google.android.gms:play-services-measurement:22.3.0] AndroidManifest.xml:40:13-87
252            android:enabled="true"
252-->[com.google.android.gms:play-services-measurement:22.3.0] AndroidManifest.xml:41:13-35
253            android:exported="false"
253-->[com.google.android.gms:play-services-measurement:22.3.0] AndroidManifest.xml:42:13-37
254            android:permission="android.permission.BIND_JOB_SERVICE" />
254-->[com.google.android.gms:play-services-measurement:22.3.0] AndroidManifest.xml:43:13-69
255        <service
255-->[androidx.credentials:credentials-play-services-auth:1.2.0-rc01] AndroidManifest.xml:24:9-32:19
256            android:name="androidx.credentials.playservices.CredentialProviderMetadataHolder"
256-->[androidx.credentials:credentials-play-services-auth:1.2.0-rc01] AndroidManifest.xml:25:13-94
257            android:enabled="true"
257-->[androidx.credentials:credentials-play-services-auth:1.2.0-rc01] AndroidManifest.xml:26:13-35
258            android:exported="false" >
258-->[androidx.credentials:credentials-play-services-auth:1.2.0-rc01] AndroidManifest.xml:27:13-37
259            <meta-data
259-->[androidx.credentials:credentials-play-services-auth:1.2.0-rc01] AndroidManifest.xml:29:13-31:104
260                android:name="androidx.credentials.CREDENTIAL_PROVIDER_KEY"
260-->[androidx.credentials:credentials-play-services-auth:1.2.0-rc01] AndroidManifest.xml:30:17-76
261                android:value="androidx.credentials.playservices.CredentialProviderPlayServicesImpl" />